current directory: /bundle/gems/therubyracer-0.12.3/ext/v8
/usr/local/bin/ruby -r ./siteconf20170719-19-14ddxz9.rb extconf.rb
checking for main() in -lpthread... yes
creating Makefile

To see why this extension failed to compile, please check the mkmf.log which can be found here:

  /bundle/extensions/x86_64-linux/2.3.0-static/therubyracer-0.12.3/mkmf.log

current directory: /bundle/gems/therubyracer-0.12.3/ext/v8
make "DESTDIR=" clean

current directory: /bundle/gems/therubyracer-0.12.3/ext/v8
make "DESTDIR="
compiling script.cc
compiling heap.cc
compiling primitive.cc
compiling constants.cc
compiling v8.cc
compiling external.cc
compiling object.cc
compiling trycatch.cc
compiling stack.cc
compiling locker.cc
compiling template.cc
compiling date.cc
compiling handles.cc
compiling init.cc
compiling string.cc
compiling gc.cc
compiling accessor.cc
compiling message.cc
compiling signature.cc
compiling constraints.cc
compiling context.cc
compiling rr.cc
compiling value.cc
compiling function.cc
compiling invocation.cc
compiling exception.cc
compiling array.cc
compiling backref.cc
linking shared-object v8/init.so

current directory: /bundle/gems/therubyracer-0.12.3/ext/v8
make "DESTDIR=" install
/usr/bin/install -c -m 0755 init.so ./.gem.20170719-19-7bzd4s/v8
